<html>
<head>
<title>TestNG:  Hotel and Ticket Tests</title>
<link href="../testng.css" rel="stylesheet" type="text/css" />
<link href="../my-testng.css" rel="stylesheet" type="text/css" />

<style type="text/css">
.log { display: none;} 
.stack-trace { display: none;} 
</style>
<script type="text/javascript">
<!--
function flip(e) {
  current = e.style.display;
  if (current == 'block') {
    e.style.display = 'none';
    return 0;
  }
  else {
    e.style.display = 'block';
    return 1;
  }
}

function toggleBox(szDivId, elem, msg1, msg2)
{
  var res = -1;  if (document.getElementById) {
    res = flip(document.getElementById(szDivId));
  }
  else if (document.all) {
    // this is the way old msie versions work
    res = flip(document.all[szDivId]);
  }
  if(elem) {
    if(res == 0) elem.innerHTML = msg1; else elem.innerHTML = msg2;
  }

}

function toggleAllBoxes() {
  if (document.getElementsByTagName) {
    d = document.getElementsByTagName('div');
    for (i = 0; i < d.length; i++) {
      if (d[i].className == 'log') {
        flip(d[i]);
      }
    }
  }
}

// -->
</script>

</head>
<body>
<h2 align='center'>Hotel and Ticket Tests</h2><table border='1' align="center">
<tr>
<td>Tests passed/Failed/Skipped:</td><td>8/2/0</td>
</tr><tr>
<td>Started on:</td><td>Wed Jul 30 12:45:57 IST 2025</td>
</tr>
<tr><td>Total time:</td><td>67 seconds (67715 ms)</td>
</tr><tr>
<td>Included groups:</td><td></td>
</tr><tr>
<td>Excluded groups:</td><td></td>
</tr>
</table><p/>
<small><i>(Hover the method name to see the test class name)</i></small><p/>
<table width='100%' border='1' class='invocation-failed'>
<tr><td colspan='4' align='center'><b>FAILED TESTS</b></td></tr>
<tr><td><b>Test method</b></td>
<td><b>Attribute(s)</b></td>
<td width="30%"><b>Exception</b></td>
<td width="10%"><b>Time (seconds)</b></td>
<td><b>Instance</b></td>
</tr>
<tr>
<td title='runners.TicketTestRunner.runScenario()'><b>runScenario</b><br>Test class: runners.TicketTestRunner<br>Test method: Runs Cucumber Scenarios<br>Parameters: "Multiple valid submissions", "Ticket Booking Form Submission"</td>
<td><div><pre>org.openqa.selenium.NoSuchElementException: Cannot locate option with text: Non AC Semi-Sleeper
For documentation on this error, please visit: https://www.selenium.dev/documentation/webdriver/troubleshooting/errors#no-such-element-exception
Build info: version: &apos;4.19.1&apos;, revision: &apos;abe0ee07dc&apos;
System info: os.name: &apos;Windows 11&apos;, os.arch: &apos;amd64&apos;, os.version: &apos;10.0&apos;, java.version: &apos;21.0.7&apos;
Driver info: driver.version: unknown
	at org.openqa.selenium.support.ui.Select.selectByVisibleText(Select.java:153)
	at pages.TicketBookingPage.selectBusType(TicketBookingPage.java:65)
	at stepdefinitions.ticket.TicketBookingSteps.the_user_enters_booking_details(TicketBookingSteps.java:49)
	at ✽.the user enters booking details &quot;Delhi&quot;, &quot;Jaipur&quot;, &quot;ISBT&quot;, &quot;SindhiCmp&quot;, &quot;2025-08-14&quot;, &quot;10.00PM&quot;, &quot;Non AC Semi-Sleeper&quot;, &quot;Rohit Kumar&quot;, &quot;9123456789&quot;, &quot;Male&quot;, &quot;India&quot;, &quot;Sector 15, Noida&quot;(file:///C:/Users/user/git/sprint_2/src/test/features/ticketBooking.feature:24)
</pre></div><a href='#' onClick='toggleBox("stack-trace1354510873", this, "Click to show all stack frames", "Click to hide stack frames")'>Click to show all stack frames</a>
<div class='stack-trace' id='stack-trace1354510873'><pre>org.openqa.selenium.NoSuchElementException: Cannot locate option with text: Non AC Semi-Sleeper
For documentation on this error, please visit: https://www.selenium.dev/documentation/webdriver/troubleshooting/errors#no-such-element-exception
Build info: version: &apos;4.19.1&apos;, revision: &apos;abe0ee07dc&apos;
System info: os.name: &apos;Windows 11&apos;, os.arch: &apos;amd64&apos;, os.version: &apos;10.0&apos;, java.version: &apos;21.0.7&apos;
Driver info: driver.version: unknown
	at org.openqa.selenium.support.ui.Select.selectByVisibleText(Select.java:153)
	at pages.TicketBookingPage.selectBusType(TicketBookingPage.java:65)
	at stepdefinitions.ticket.TicketBookingSteps.the_user_enters_booking_details(TicketBookingSteps.java:49)
	at ✽.the user enters booking details &quot;Delhi&quot;, &quot;Jaipur&quot;, &quot;ISBT&quot;, &quot;SindhiCmp&quot;, &quot;2025-08-14&quot;, &quot;10.00PM&quot;, &quot;Non AC Semi-Sleeper&quot;, &quot;Rohit Kumar&quot;, &quot;9123456789&quot;, &quot;Male&quot;, &quot;India&quot;, &quot;Sector 15, Noida&quot;(file:///C:/Users/user/git/sprint_2/src/test/features/ticketBooking.feature:24)
</pre></div></td>
<td>5</td>
<td>runners.TicketTestRunner@45c7e403</td></tr>
<tr>
<td title='runners.TicketTestRunner.runScenario()'><b>runScenario</b><br>Test class: runners.TicketTestRunner<br>Test method: Runs Cucumber Scenarios<br>Parameters: "Error when phone number is invalid", "Ticket Booking Form Submission"</td>
<td><div><pre>org.openqa.selenium.NoSuchElementException: no such element: Unable to locate element: {&quot;method&quot;:&quot;css selector&quot;,&quot;selector&quot;:&quot;#phoneError&quot;}
  (Session info: chrome=137.0.7151.120)
For documentation on this error, please visit: https://www.selenium.dev/documentation/webdriver/troubleshooting/errors#no-such-element-exception
Build info: version: &apos;4.19.1&apos;, revision: &apos;abe0ee07dc&apos;
System info: os.name: &apos;Windows 11&apos;, os.arch: &apos;amd64&apos;, os.version: &apos;10.0&apos;, java.version: &apos;21.0.7&apos;
Driver info: org.openqa.selenium.chrome.ChromeDriver
Command: [843c7a96a1ca1fb36194b1e5da7edbe9, findElement {value=phoneError, using=id}]
Capabilities {acceptInsecureCerts: false, browserName: chrome, browserVersion: 137.0.7151.120, chrome: {chromedriverVersion: 137.0.7151.119 (e0ac9d12dff..., userDataDir: C:\Users\user\AppData\Local...}, fedcm:accounts: true, goog:chromeOptions: {debuggerAddress: localhost:56859}, networkConnectionEnabled: false, pageLoadStrategy: normal, platformName: windows, proxy: Proxy(), se:cdp: ws://localhost:56859/devtoo..., se:cdpVersion: 137.0.7151.120, setWindowRect: true, strictFileInteractability: false, timeouts: {implicit: 0, pageLoad: 300000, script: 30000}, unhandledPromptBehavior: dismiss and notify, webauthn:extension:credBlob: true, webauthn:extension:largeBlob: true, webauthn:extension:minPinLength: true, webauthn:extension:prf: true, webauthn:virtualAuthenticators: true}
Session ID: 843c7a96a1ca1fb36194b1e5da7edbe9
	at org.openqa.selenium.remote.ErrorCodec.decode(ErrorCodec.java:167)
	at org.openqa.selenium.remote.codec.w3c.W3CHttpResponseCodec.decode(W3CHttpResponseCodec.java:138)
	at org.openqa.selenium.remote.codec.w3c.W3CHttpResponseCodec.decode(W3CHttpResponseCodec.java:50)
	at org.openqa.selenium.remote.HttpCommandExecutor.execute(HttpCommandExecutor.java:190)
	at org.openqa.selenium.remote.service.DriverCommandExecutor.invokeExecute(DriverCommandExecutor.java:216)
	at org.openqa.selenium.remote.service.DriverCommandExecutor.execute(DriverCommandExecutor.java:174)
	at org.openqa.selenium.remote.RemoteWebDriver.execute(RemoteWebDriver.java:518)
	at org.openqa.selenium.remote.ElementLocation$ElementFinder$2.findElement(ElementLocation.java:165)
	at org.openqa.selenium.remote.ElementLocation.findElement(ElementLocation.java:59)
	at org.openqa.selenium.remote.RemoteWebDriver.findElement(RemoteWebDriver.java:355)
	at org.openqa.selenium.remote.RemoteWebDriver.findElement(RemoteWebDriver.java:349)
	at pages.TicketBookingPage.getPhoneErrorMessage(TicketBookingPage.java:106)
	at stepdefinitions.ticket.TicketBookingSteps.error_message_for_invalid_phone_number(TicketBookingSteps.java:72)
	at ✽.an error message should be shown for invalid phone number(file:///C:/Users/user/git/sprint_2/src/test/features/ticketBooking.feature:14)
... Removed 3 stack frames</pre></div><a href='#' onClick='toggleBox("stack-trace831993944", this, "Click to show all stack frames", "Click to hide stack frames")'>Click to show all stack frames</a>
<div class='stack-trace' id='stack-trace831993944'><pre>org.openqa.selenium.NoSuchElementException: no such element: Unable to locate element: {&quot;method&quot;:&quot;css selector&quot;,&quot;selector&quot;:&quot;#phoneError&quot;}
  (Session info: chrome=137.0.7151.120)
For documentation on this error, please visit: https://www.selenium.dev/documentation/webdriver/troubleshooting/errors#no-such-element-exception
Build info: version: &apos;4.19.1&apos;, revision: &apos;abe0ee07dc&apos;
System info: os.name: &apos;Windows 11&apos;, os.arch: &apos;amd64&apos;, os.version: &apos;10.0&apos;, java.version: &apos;21.0.7&apos;
Driver info: org.openqa.selenium.chrome.ChromeDriver
Command: [843c7a96a1ca1fb36194b1e5da7edbe9, findElement {value=phoneError, using=id}]
Capabilities {acceptInsecureCerts: false, browserName: chrome, browserVersion: 137.0.7151.120, chrome: {chromedriverVersion: 137.0.7151.119 (e0ac9d12dff..., userDataDir: C:\Users\user\AppData\Local...}, fedcm:accounts: true, goog:chromeOptions: {debuggerAddress: localhost:56859}, networkConnectionEnabled: false, pageLoadStrategy: normal, platformName: windows, proxy: Proxy(), se:cdp: ws://localhost:56859/devtoo..., se:cdpVersion: 137.0.7151.120, setWindowRect: true, strictFileInteractability: false, timeouts: {implicit: 0, pageLoad: 300000, script: 30000}, unhandledPromptBehavior: dismiss and notify, webauthn:extension:credBlob: true, webauthn:extension:largeBlob: true, webauthn:extension:minPinLength: true, webauthn:extension:prf: true, webauthn:virtualAuthenticators: true}
Session ID: 843c7a96a1ca1fb36194b1e5da7edbe9
	at java.base/jdk.internal.reflect.DirectConstructorHandleAccessor.newInstance(DirectConstructorHandleAccessor.java:62)
	at java.base/java.lang.reflect.Constructor.newInstanceWithCaller(Constructor.java:502)
	at java.base/java.lang.reflect.Constructor.newInstance(Constructor.java:486)
	at org.openqa.selenium.remote.ErrorCodec.decode(ErrorCodec.java:167)
	at org.openqa.selenium.remote.codec.w3c.W3CHttpResponseCodec.decode(W3CHttpResponseCodec.java:138)
	at org.openqa.selenium.remote.codec.w3c.W3CHttpResponseCodec.decode(W3CHttpResponseCodec.java:50)
	at org.openqa.selenium.remote.HttpCommandExecutor.execute(HttpCommandExecutor.java:190)
	at org.openqa.selenium.remote.service.DriverCommandExecutor.invokeExecute(DriverCommandExecutor.java:216)
	at org.openqa.selenium.remote.service.DriverCommandExecutor.execute(DriverCommandExecutor.java:174)
	at org.openqa.selenium.remote.RemoteWebDriver.execute(RemoteWebDriver.java:518)
	at org.openqa.selenium.remote.ElementLocation$ElementFinder$2.findElement(ElementLocation.java:165)
	at org.openqa.selenium.remote.ElementLocation.findElement(ElementLocation.java:59)
	at org.openqa.selenium.remote.RemoteWebDriver.findElement(RemoteWebDriver.java:355)
	at org.openqa.selenium.remote.RemoteWebDriver.findElement(RemoteWebDriver.java:349)
	at pages.TicketBookingPage.getPhoneErrorMessage(TicketBookingPage.java:106)
	at stepdefinitions.ticket.TicketBookingSteps.error_message_for_invalid_phone_number(TicketBookingSteps.java:72)
	at ✽.an error message should be shown for invalid phone number(file:///C:/Users/user/git/sprint_2/src/test/features/ticketBooking.feature:14)
</pre></div></td>
<td>4</td>
<td>runners.TicketTestRunner@45c7e403</td></tr>
</table><p>
<table width='100%' border='1' class='invocation-passed'>
<tr><td colspan='4' align='center'><b>PASSED TESTS</b></td></tr>
<tr><td><b>Test method</b></td>
<td><b>Attribute(s)</b></td>
<td width="30%"><b>Exception</b></td>
<td width="10%"><b>Time (seconds)</b></td>
<td><b>Instance</b></td>
</tr>
<tr>
<td title='runners.HotelTestRunner.runScenario()'><b>runScenario</b><br>Test class: runners.HotelTestRunner<br>Test method: Runs Cucumber Scenarios<br>Parameters: "Booking a hotel with multiple data sets", "Hotel Booking"</td>
<td></td>
<td>9</td>
<td>runners.HotelTestRunner@24aed80c</td></tr>
<tr>
<td title='runners.HotelTestRunner.runScenario()'><b>runScenario</b><br>Test class: runners.HotelTestRunner<br>Test method: Runs Cucumber Scenarios<br>Parameters: "Book a hotel successfully", "Hotel Booking"</td>
<td></td>
<td>9</td>
<td>runners.HotelTestRunner@24aed80c</td></tr>
<tr>
<td title='runners.HotelTestRunner.runScenario()'><b>runScenario</b><br>Test class: runners.HotelTestRunner<br>Test method: Runs Cucumber Scenarios<br>Parameters: "Booking fails due to missing full name and phone number", "Hotel Booking"</td>
<td></td>
<td>7</td>
<td>runners.HotelTestRunner@24aed80c</td></tr>
<tr>
<td title='runners.TicketTestRunner.runScenario()'><b>runScenario</b><br>Test class: runners.TicketTestRunner<br>Test method: Runs Cucumber Scenarios<br>Parameters: "Error when date field is empty", "Ticket Booking Form Submission"</td>
<td></td>
<td>3</td>
<td>runners.TicketTestRunner@45c7e403</td></tr>
<tr>
<td title='runners.HotelTestRunner.runScenario()'><b>runScenario</b><br>Test class: runners.HotelTestRunner<br>Test method: Runs Cucumber Scenarios<br>Parameters: "Booking fails due to missing email", "Hotel Booking"</td>
<td></td>
<td>5</td>
<td>runners.HotelTestRunner@24aed80c</td></tr>
<tr>
<td title='runners.TicketTestRunner.runScenario()'><b>runScenario</b><br>Test class: runners.TicketTestRunner<br>Test method: Runs Cucumber Scenarios<br>Parameters: "Successful booking form submission with valid details", "Ticket Booking Form Submission"</td>
<td></td>
<td>5</td>
<td>runners.TicketTestRunner@45c7e403</td></tr>
<tr>
<td title='runners.HotelTestRunner.runScenario()'><b>runScenario</b><br>Test class: runners.HotelTestRunner<br>Test method: Runs Cucumber Scenarios<br>Parameters: "Booking a hotel with multiple data sets", "Hotel Booking"</td>
<td></td>
<td>12</td>
<td>runners.HotelTestRunner@24aed80c</td></tr>
<tr>
<td title='runners.TicketTestRunner.runScenario()'><b>runScenario</b><br>Test class: runners.TicketTestRunner<br>Test method: Runs Cucumber Scenarios<br>Parameters: "Multiple valid submissions", "Ticket Booking Form Submission"</td>
<td></td>
<td>3</td>
<td>runners.TicketTestRunner@45c7e403</td></tr>
</table><p>
</body>
</html>