<?xml version="1.0" encoding="UTF-8"?>
<!-- Generated by org.testng.reporters.JUnitReportReporter -->
<testsuite hostname="DESKTOP-65LN5J6" failures="1" tests="1" name="runners.TestRunner" time="4.292" errors="0" timestamp="2025-07-26T19:43:24 IST" skipped="0">
  <testcase classname="runners.TestRunner" name="runScenario" time="4.292">
    <failure message="expected [true] but found [false]" type="java.lang.AssertionError">
      <![CDATA[java.lang.AssertionError: expected [true] but found [false]
at org.testng.Assert.fail(Assert.java:111)
at org.testng.Assert.failNotEquals(Assert.java:1590)
at org.testng.Assert.assertTrue(Assert.java:57)
at org.testng.Assert.assertTrue(Assert.java:67)
at stepdefinitions.HotelBookingSteps.the_booking_should_be_successful(HotelBookingSteps.java:41)
at âœ½.the booking should be successful(file:///C:/Users/Vishal/eclipse-workspace/sprint2/sprint_2/src/test/features/hotelBooking.feature:7)
]]>
    </failure>
  </testcase> <!-- runScenario -->
</testsuite> <!-- runners.TestRunner -->
